<?xml version="1.0" encoding="UTF-8"?>
<robot generator="Robot 7.0 (Python 3.12.3 on win32)" generated="2024-05-08T10:58:22.673924" rpa="false" schemaversion="5">
<suite id="s1" name="Loadtest" source="c:\Users\MUGHALZ\Desktop\robot load\loadtest.robot">
<test id="s1-t1" name="Simulate Load Test" line="41">
<for flavor="IN RANGE">
<iter>
<kw name="Open Browser" owner="SeleniumLibrary">
<msg time="2024-05-08T10:58:23.099426" level="INFO">Opening browser 'Chrome' to base url 'https://demo.nopcommerce.com'.</msg>
<arg>${BASE_URL}</arg>
<arg>Chrome</arg>
<doc>Opens a new browser instance to the optional ``url``.</doc>
<status status="PASS" start="2024-05-08T10:58:23.099426" elapsed="4.501372"/>
</kw>
<kw name="Wait Until Element Is Visible" owner="SeleniumLibrary">
<arg>id=small-searchterms</arg>
<arg>timeout=10s</arg>
<doc>Waits until the element ``locator`` is visible.</doc>
<status status="PASS" start="2024-05-08T10:58:27.601797" elapsed="0.075932"/>
</kw>
<kw name="Input Text" owner="SeleniumLibrary">
<msg time="2024-05-08T10:58:27.679727" level="INFO">Typing text 'your_search_term' into text field 'id=small-searchterms'.</msg>
<arg>id=small-searchterms</arg>
<arg>your_search_term</arg>
<doc>Types the given ``text`` into the text field identified by ``locator``.</doc>
<status status="PASS" start="2024-05-08T10:58:27.678727" elapsed="0.420607"/>
</kw>
<kw name="Click Element" owner="SeleniumLibrary">
<msg time="2024-05-08T10:58:28.101332" level="INFO">Clicking element 'class=button-1'.</msg>
<arg>class=button-1</arg>
<doc>Click the element identified by ``locator``.</doc>
<status status="PASS" start="2024-05-08T10:58:28.100333" elapsed="5.769449"/>
</kw>
<kw name="Sleep" owner="BuiltIn">
<msg time="2024-05-08T10:58:35.870939" level="INFO">Slept 2 seconds.</msg>
<arg>2s</arg>
<doc>Pauses the test executed for the given time.</doc>
<status status="PASS" start="2024-05-08T10:58:33.869782" elapsed="2.001157"/>
</kw>
<kw name="Close Browser" owner="SeleniumLibrary">
<doc>Closes the current browser.</doc>
<status status="PASS" start="2024-05-08T10:58:35.871956" elapsed="2.830691"/>
</kw>
<var name="${i}">0</var>
<status status="PASS" start="2024-05-08T10:58:23.097428" elapsed="15.605219"/>
</iter>
<iter>
<kw name="Open Browser" owner="SeleniumLibrary">
<msg time="2024-05-08T10:58:38.704643" level="INFO">Opening browser 'Chrome' to base url 'https://demo.nopcommerce.com'.</msg>
<arg>${BASE_URL}</arg>
<arg>Chrome</arg>
<doc>Opens a new browser instance to the optional ``url``.</doc>
<status status="PASS" start="2024-05-08T10:58:38.703644" elapsed="4.306804"/>
</kw>
<kw name="Wait Until Element Is Visible" owner="SeleniumLibrary">
<arg>id=small-searchterms</arg>
<arg>timeout=10s</arg>
<doc>Waits until the element ``locator`` is visible.</doc>
<status status="PASS" start="2024-05-08T10:58:43.011448" elapsed="0.091915"/>
</kw>
<kw name="Input Text" owner="SeleniumLibrary">
<msg time="2024-05-08T10:58:43.105362" level="INFO">Typing text 'your_search_term' into text field 'id=small-searchterms'.</msg>
<arg>id=small-searchterms</arg>
<arg>your_search_term</arg>
<doc>Types the given ``text`` into the text field identified by ``locator``.</doc>
<status status="PASS" start="2024-05-08T10:58:43.104363" elapsed="0.328693"/>
</kw>
<kw name="Click Element" owner="SeleniumLibrary">
<msg time="2024-05-08T10:58:43.434055" level="INFO">Clicking element 'class=button-1'.</msg>
<arg>class=button-1</arg>
<doc>Click the element identified by ``locator``.</doc>
<status status="PASS" start="2024-05-08T10:58:43.433056" elapsed="1.514509"/>
</kw>
<kw name="Sleep" owner="BuiltIn">
<msg time="2024-05-08T10:58:46.950525" level="INFO">Slept 2 seconds.</msg>
<arg>2s</arg>
<doc>Pauses the test executed for the given time.</doc>
<status status="PASS" start="2024-05-08T10:58:44.948564" elapsed="2.001961"/>
</kw>
<kw name="Close Browser" owner="SeleniumLibrary">
<doc>Closes the current browser.</doc>
<status status="PASS" start="2024-05-08T10:58:46.950525" elapsed="2.583907"/>
</kw>
<var name="${i}">1</var>
<status status="PASS" start="2024-05-08T10:58:38.703644" elapsed="10.830788"/>
</iter>
<iter>
<kw name="Open Browser" owner="SeleniumLibrary">
<msg time="2024-05-08T10:58:49.536438" level="INFO">Opening browser 'Chrome' to base url 'https://demo.nopcommerce.com'.</msg>
<arg>${BASE_URL}</arg>
<arg>Chrome</arg>
<doc>Opens a new browser instance to the optional ``url``.</doc>
<status status="PASS" start="2024-05-08T10:58:49.535441" elapsed="4.006462"/>
</kw>
<kw name="Wait Until Element Is Visible" owner="SeleniumLibrary">
<arg>id=small-searchterms</arg>
<arg>timeout=10s</arg>
<doc>Waits until the element ``locator`` is visible.</doc>
<status status="PASS" start="2024-05-08T10:58:53.542904" elapsed="0.072931"/>
</kw>
<kw name="Input Text" owner="SeleniumLibrary">
<msg time="2024-05-08T10:58:53.616835" level="INFO">Typing text 'your_search_term' into text field 'id=small-searchterms'.</msg>
<arg>id=small-searchterms</arg>
<arg>your_search_term</arg>
<doc>Types the given ``text`` into the text field identified by ``locator``.</doc>
<status status="PASS" start="2024-05-08T10:58:53.615835" elapsed="0.663384"/>
</kw>
<kw name="Click Element" owner="SeleniumLibrary">
<msg time="2024-05-08T10:58:54.280217" level="INFO">Clicking element 'class=button-1'.</msg>
<arg>class=button-1</arg>
<doc>Click the element identified by ``locator``.</doc>
<status status="PASS" start="2024-05-08T10:58:54.280217" elapsed="1.181902"/>
</kw>
<kw name="Sleep" owner="BuiltIn">
<msg time="2024-05-08T10:58:57.463254" level="INFO">Slept 2 seconds.</msg>
<arg>2s</arg>
<doc>Pauses the test executed for the given time.</doc>
<status status="PASS" start="2024-05-08T10:58:55.462119" elapsed="2.001135"/>
</kw>
<kw name="Close Browser" owner="SeleniumLibrary">
<doc>Closes the current browser.</doc>
<status status="PASS" start="2024-05-08T10:58:57.464264" elapsed="2.661342"/>
</kw>
<var name="${i}">2</var>
<status status="PASS" start="2024-05-08T10:58:49.535441" elapsed="10.590165"/>
</iter>
<iter>
<kw name="Open Browser" owner="SeleniumLibrary">
<msg time="2024-05-08T10:59:00.127617" level="INFO">Opening browser 'Chrome' to base url 'https://demo.nopcommerce.com'.</msg>
<arg>${BASE_URL}</arg>
<arg>Chrome</arg>
<doc>Opens a new browser instance to the optional ``url``.</doc>
<status status="PASS" start="2024-05-08T10:59:00.126620" elapsed="5.139027"/>
</kw>
<kw name="Wait Until Element Is Visible" owner="SeleniumLibrary">
<arg>id=small-searchterms</arg>
<arg>timeout=10s</arg>
<doc>Waits until the element ``locator`` is visible.</doc>
<status status="PASS" start="2024-05-08T10:59:05.266647" elapsed="0.062941"/>
</kw>
<kw name="Input Text" owner="SeleniumLibrary">
<msg time="2024-05-08T10:59:05.332595" level="INFO">Typing text 'your_search_term' into text field 'id=small-searchterms'.</msg>
<arg>id=small-searchterms</arg>
<arg>your_search_term</arg>
<doc>Types the given ``text`` into the text field identified by ``locator``.</doc>
<status status="PASS" start="2024-05-08T10:59:05.330586" elapsed="0.441590"/>
</kw>
<kw name="Click Element" owner="SeleniumLibrary">
<msg time="2024-05-08T10:59:05.775174" level="INFO">Clicking element 'class=button-1'.</msg>
<arg>class=button-1</arg>
<doc>Click the element identified by ``locator``.</doc>
<status status="PASS" start="2024-05-08T10:59:05.774174" elapsed="1.523617"/>
</kw>
<kw name="Sleep" owner="BuiltIn">
<msg time="2024-05-08T10:59:09.299358" level="INFO">Slept 2 seconds.</msg>
<arg>2s</arg>
<doc>Pauses the test executed for the given time.</doc>
<status status="PASS" start="2024-05-08T10:59:07.298788" elapsed="2.000570"/>
</kw>
<kw name="Close Browser" owner="SeleniumLibrary">
<doc>Closes the current browser.</doc>
<status status="PASS" start="2024-05-08T10:59:09.300358" elapsed="2.681374"/>
</kw>
<var name="${i}">3</var>
<status status="PASS" start="2024-05-08T10:59:00.126620" elapsed="11.855112"/>
</iter>
<iter>
<kw name="Open Browser" owner="SeleniumLibrary">
<msg time="2024-05-08T10:59:11.984730" level="INFO">Opening browser 'Chrome' to base url 'https://demo.nopcommerce.com'.</msg>
<arg>${BASE_URL}</arg>
<arg>Chrome</arg>
<doc>Opens a new browser instance to the optional ``url``.</doc>
<status status="PASS" start="2024-05-08T10:59:11.983735" elapsed="5.382732"/>
</kw>
<kw name="Wait Until Element Is Visible" owner="SeleniumLibrary">
<arg>id=small-searchterms</arg>
<arg>timeout=10s</arg>
<doc>Waits until the element ``locator`` is visible.</doc>
<status status="PASS" start="2024-05-08T10:59:17.367466" elapsed="0.060944"/>
</kw>
<kw name="Input Text" owner="SeleniumLibrary">
<msg time="2024-05-08T10:59:17.435404" level="INFO">Typing text 'your_search_term' into text field 'id=small-searchterms'.</msg>
<arg>id=small-searchterms</arg>
<arg>your_search_term</arg>
<doc>Types the given ``text`` into the text field identified by ``locator``.</doc>
<status status="PASS" start="2024-05-08T10:59:17.433406" elapsed="0.962106"/>
</kw>
<kw name="Click Element" owner="SeleniumLibrary">
<msg time="2024-05-08T10:59:18.396599" level="INFO">Clicking element 'class=button-1'.</msg>
<arg>class=button-1</arg>
<doc>Click the element identified by ``locator``.</doc>
<status status="PASS" start="2024-05-08T10:59:18.396599" elapsed="1.199537"/>
</kw>
<kw name="Sleep" owner="BuiltIn">
<msg time="2024-05-08T10:59:21.597687" level="INFO">Slept 2 seconds.</msg>
<arg>2s</arg>
<doc>Pauses the test executed for the given time.</doc>
<status status="PASS" start="2024-05-08T10:59:19.596136" elapsed="2.001551"/>
</kw>
<kw name="Close Browser" owner="SeleniumLibrary">
<doc>Closes the current browser.</doc>
<status status="PASS" start="2024-05-08T10:59:21.598690" elapsed="2.606625"/>
</kw>
<var name="${i}">4</var>
<status status="PASS" start="2024-05-08T10:59:11.982732" elapsed="12.223603"/>
</iter>
<var>${i}</var>
<value>${NUM_USERS}</value>
<status status="PASS" start="2024-05-08T10:58:23.096429" elapsed="61.110906"/>
</for>
<status status="PASS" start="2024-05-08T10:58:23.095430" elapsed="61.112904"/>
</test>
<status status="PASS" start="2024-05-08T10:58:22.685913" elapsed="61.525416"/>
</suite>
<statistics>
<total>
<stat pass="1" fail="0" skip="0">All Tests</stat>
</total>
<tag>
</tag>
<suite>
<stat pass="1" fail="0" skip="0" id="s1" name="Loadtest">Loadtest</stat>
</suite>
</statistics>
<errors>
</errors>
</robot>
